Determining if the pthread_create exist failed with the following output:
Change Dir: /home/blue/driving_ws/build/CMakeFiles/CMakeTmp

Run Build Command:"/usr/bin/make" "cmTC_60cb7/fast"
/usr/bin/make -f CMakeFiles/cmTC_60cb7.dir/build.make CMakeFiles/cmTC_60cb7.dir/build
make[1]: Entering directory '/home/blue/driving_ws/build/CMakeFiles/CMakeTmp'
Building C object CMakeFiles/cmTC_60cb7.dir/CheckSymbolExists.c.o
/usr/bin/cc    -o CMakeFiles/cmTC_60cb7.dir/CheckSymbolExists.c.o   -c /home/blue/driving_ws/build/CMakeFiles/CMakeTmp/CheckSymbolExists.c
Linking C executable cmTC_60cb7
/usr/bin/cmake -E cmake_link_script CMakeFiles/cmTC_60cb7.dir/link.txt --verbose=1
/usr/bin/cc      -rdynamic CMakeFiles/cmTC_60cb7.dir/CheckSymbolExists.c.o  -o cmTC_60cb7 
CMakeFiles/cmTC_60cb7.dir/CheckSymbolExists.c.o: In function `main':
CheckSymbolExists.c:(.text+0x1b): undefined reference to `pthread_create'
collect2: error: ld returned 1 exit status
CMakeFiles/cmTC_60cb7.dir/build.make:97: recipe for target 'cmTC_60cb7' failed
make[1]: *** [cmTC_60cb7] Error 1
make[1]: Leaving directory '/home/blue/driving_ws/build/CMakeFiles/CMakeTmp'
Makefile:126: recipe for target 'cmTC_60cb7/fast' failed
make: *** [cmTC_60cb7/fast] Error 2

File /home/blue/driving_ws/build/CMakeFiles/CMakeTmp/CheckSymbolExists.c:
/* */
#include <pthread.h>

int main(int argc, char** argv)
{
  (void)argv;
#ifndef pthread_create
  return ((int*)(&pthread_create))[argc];
#else
  (void)argc;
  return 0;
#endif
}

Determining if the function pthread_create exists in the pthreads failed with the following output:
Change Dir: /home/blue/driving_ws/build/CMakeFiles/CMakeTmp

Run Build Command:"/usr/bin/make" "cmTC_ec278/fast"
/usr/bin/make -f CMakeFiles/cmTC_ec278.dir/build.make CMakeFiles/cmTC_ec278.dir/build
make[1]: Entering directory '/home/blue/driving_ws/build/CMakeFiles/CMakeTmp'
Building C object CMakeFiles/cmTC_ec278.dir/CheckFunctionExists.c.o
/usr/bin/cc   -DCHECK_FUNCTION_EXISTS=pthread_create   -o CMakeFiles/cmTC_ec278.dir/CheckFunctionExists.c.o   -c /usr/share/cmake-3.10/Modules/CheckFunctionExists.c
Linking C executable cmTC_ec278
/usr/bin/cmake -E cmake_link_script CMakeFiles/cmTC_ec278.dir/link.txt --verbose=1
/usr/bin/cc  -DCHECK_FUNCTION_EXISTS=pthread_create    -rdynamic CMakeFiles/cmTC_ec278.dir/CheckFunctionExists.c.o  -o cmTC_ec278 -lpthreads 
/usr/bin/ld: cannot find -lpthreads
collect2: error: ld returned 1 exit status
CMakeFiles/cmTC_ec278.dir/build.make:97: recipe for target 'cmTC_ec278' failed
make[1]: *** [cmTC_ec278] Error 1
make[1]: Leaving directory '/home/blue/driving_ws/build/CMakeFiles/CMakeTmp'
Makefile:126: recipe for target 'cmTC_ec278/fast' failed
make: *** [cmTC_ec278/fast] Error 2


